15:51:21,479 INFO blivet: ISCSID is /sbin/iscsid
15:51:21,480 INFO blivet: no initiator set
15:51:21,564 INFO blivet: No FCoE EDD info found: No FCoE boot disk information is found in EDD!
15:51:21,564 INFO blivet: no /etc/zfcp.conf; not configuring zfcp
15:51:27,250 DEBUG blivet:           Ext4FS.supported: supported: True ;
15:51:27,251 DEBUG blivet: getFormat('ext4') returning Ext4FS instance with object id 0
15:51:27,252 DEBUG blivet:        Ext4FS.supported: supported: True ;
15:51:27,253 DEBUG blivet: trying to set new default fstype to 'ext4'
15:51:27,254 DEBUG blivet:            Ext4FS.supported: supported: True ;
15:51:27,254 DEBUG blivet: getFormat('ext4') returning Ext4FS instance with object id 1
15:51:27,255 DEBUG blivet:         Ext4FS.supported: supported: True ;
15:51:27,266 DEBUG blivet: trying to set new default fstype to 'xfs'
15:51:27,267 DEBUG blivet:           XFS.supported: supported: True ;
15:51:27,325 DEBUG blivet: getFormat('xfs') returning XFS instance with object id 2
15:51:27,326 DEBUG blivet:         XFS.supported: supported: True ;
15:51:27,327 DEBUG blivet: trying to set new default /boot fstype to 'xfs'
15:51:27,328 DEBUG blivet:           XFS.supported: supported: True ;
15:51:27,329 DEBUG blivet: getFormat('xfs') returning XFS instance with object id 3
15:51:27,330 DEBUG blivet:         XFS.supported: supported: True ;
15:51:27,739 INFO blivet: Detected 1024 MiB of memory
15:51:27,748 INFO blivet: Suggested swap size (2048 MiB) exceeds 10 % of disk space, using 10 % of disk space (0.0) instead.
15:51:27,756 INFO blivet: Swap attempt of 0.0
15:51:27,757 INFO blivet: Detected 1024 MiB of memory
15:51:27,766 INFO blivet: Suggested swap size (2048 MiB) exceeds 10 % of disk space, using 10 % of disk space (0.0) instead.
15:51:27,775 INFO blivet: Swap attempt of 0.0
15:51:27,798 INFO blivet: resetting Blivet (version 0.61.15.65) instance <blivet.Blivet object at 0x7fbaaf8d3bd0>
15:51:27,798 INFO blivet: no initiator set
15:51:27,799 INFO blivet: not going to create backup copy of non-existent /etc/mdadm.conf
15:51:27,799 INFO blivet: DeviceTree.populate: ignoredDisks is [] ; exclusiveDisks is []
15:51:27,995 DEBUG blivet: protected device spec LABEL=CentOS_7_x86_64 resolved to sr0
15:51:28,024 DEBUG blivet: protected device spec /dev/zram0 resolved to None
15:51:28,042 INFO blivet: devices to scan: [u'sda', u'sr0', u'loop0', u'loop1', u'loop2', u'live-rw', u'live-base']
15:51:28,051 DEBUG blivet:          DeviceTree.addUdevDevice: info: {u'DEVLINKS': u'/dev/disk/by-id/ata-QEMU_HARDDISK_QM00001 /dev/disk/by-path/pci-0000:00:01.1-ata-1.0',
 u'DEVNAME': u'/dev/sda',
 u'DEVPATH': u'/devices/pci0000:00/0000:00:01.1/ata1/host0/target0:0:0/0:0:0:0/block/sda',
 u'DEVTYPE': u'disk',
 u'DM_MULTIPATH_TIMESTAMP': u'1505145071',
 u'ID_ATA': u'1',
 u'ID_ATA_FEATURE_SET_SMART': u'1',
 u'ID_ATA_FEATURE_SET_SMART_ENABLED': u'1',
 u'ID_ATA_WRITE_CACHE': u'1',
 u'ID_ATA_WRITE_CACHE_ENABLED': u'1',
 u'ID_BUS': u'ata',
 u'ID_MODEL': u'QEMU_HARDDISK',
 u'ID_MODEL_ENC': u'QEMU\\x20HARDDISK\\x20\\x20\\x20\\x20\\x20\\x20\\x20\\x20\\x20\\x20\\x20\\x20\\x20\\x20\\x20\\x20\\x20\\x20\\x20\\x20\\x20\\x20\\x20\\x20\\x20\\x20\\x20',
 u'ID_PATH': u'pci-0000:00:01.1-ata-1.0',
 u'ID_PATH_TAG': u'pci-0000_00_01_1-ata-1_0',
 u'ID_REVISION': u'1.5.3',
 u'ID_SERIAL': u'QEMU_HARDDISK_QM00001',
 u'ID_SERIAL_SHORT': u'QM00001',
 u'ID_TYPE': u'disk',
 u'MAJOR': u'8',
 u'MINOR': u'0',
 u'MPATH_SBIN_PATH': u'/sbin',
 u'SUBSYSTEM': u'block',
 u'TAGS': u':systemd:',
 u'USEC_INITIALIZED': u'82586'} ; name: sda ;
15:51:28,051 INFO blivet: scanning sda (/sys/devices/pci0000:00/0000:00:01.1/ata1/host0/target0:0:0/0:0:0:0/block/sda)...
15:51:28,052 DEBUG blivet:           DeviceTree.getDeviceByName: hidden: False ; name: sda ; incomplete: False ;
15:51:28,058 DEBUG blivet:           DeviceTree.getDeviceByName returned None
15:51:28,059 DEBUG blivet:           DeviceTree.addUdevDiskDevice: name: sda ;
15:51:28,063 INFO blivet: sda is a disk
15:51:28,064 DEBUG blivet: getFormat('None') returning DeviceFormat instance with object id 5
15:51:28,066 DEBUG blivet:               DiskDevice._setFormat: sda ; current: None ; type: None ;
15:51:28,074 DEBUG blivet:                DiskDevice.readCurrentSize: path: /dev/sda ; sysfsPath: /sys/devices/pci0000:00/0000:00:01.1/ata1/host0/target0:0:0/0:0:0:0/block/sda ; exists: True ;
15:51:28,076 DEBUG blivet: updated sda size to 3072 MiB (3072 MiB)
15:51:28,137 INFO blivet: added disk sda (id 4) to device tree
15:51:28,140 INFO blivet: got device: u'sda'
15:51:28,143 DEBUG blivet:           DeviceTree.handleUdevDeviceFormat: name: sda ;
15:51:28,172 DEBUG blivet:            DeviceTree.handleUdevDiskLabelFormat: device: sda ; label_type: None ;
15:51:28,173 DEBUG blivet: device sda does not contain a disklabel
15:51:28,173 DEBUG blivet: no type or existing type for sda, bailing
15:51:28,177 DEBUG blivet:          DeviceTree.addUdevDevice: info: {u'DEVLINKS': u'/dev/cdrom /dev/disk/by-id/ata-QEMU_DVD-ROM_QM00002 /dev/disk/by-label/CentOS\\x207\\x20x86_64 /dev/disk/by-path/pci-0000:00:01.1-ata-1.1 /dev/disk/by-uuid/2017-09-05-13-36-43-00',
 u'DEVNAME': u'/dev/sr0',
 u'DEVPATH': u'/devices/pci0000:00/0000:00:01.1/ata1/host0/target0:0:1/0:0:1:0/block/sr0',
 u'DEVTYPE': u'disk',
 u'DM_MULTIPATH_TIMESTAMP': u'1505145071',
 u'ID_ATA': u'1',
 u'ID_BUS': u'ata',
 u'ID_CDROM': u'1',
 u'ID_CDROM_DVD': u'1',
 u'ID_CDROM_MEDIA': u'1',
 u'ID_CDROM_MEDIA_CD': u'1',
 u'ID_CDROM_MEDIA_SESSION_COUNT': u'1',
 u'ID_CDROM_MEDIA_TRACK_COUNT': u'1',
 u'ID_CDROM_MEDIA_TRACK_COUNT_DATA': u'1',
 u'ID_CDROM_MRW': u'1',
 u'ID_CDROM_MRW_W': u'1',
 u'ID_FOR_SEAT': u'block-pci-0000_00_01_1-ata-1_1',
 u'ID_FS_APPLICATION_ID': u'GENISOIMAGE\\x20ISO\\x209660\\x2fHFS\\x20FILESYSTEM\\x20CREATOR\\x20\\x28C\\x29\\x201993\\x20E.YOUNGDALE\\x20\\x28C\\x29\\x201997-2006\\x20J.PEARSON\\x2fJ.SCHILLING\\x20\\x28C\\x29\\x202006-2007\\x20CDRKIT\\x20TEAM',
 u'ID_FS_BOOT_SYSTEM_ID': u'EL\\x20TORITO\\x20SPECIFICATION',
 u'ID_FS_LABEL': u'CentOS_7_x86_64',
 u'ID_FS_LABEL_ENC': u'CentOS\\x207\\x20x86_64',
 u'ID_FS_SYSTEM_ID': u'LINUX',
 u'ID_FS_TYPE': u'iso9660',
 u'ID_FS_USAGE': u'filesystem',
 u'ID_FS_UUID': u'2017-09-05-13-36-43-00',
 u'ID_FS_UUID_ENC': u'2017-09-05-13-36-43-00',
 u'ID_FS_VERSION': u'Joliet Extension',
 u'ID_MODEL': u'QEMU_DVD-ROM',
 u'ID_MODEL_ENC': u'QEMU\\x20DVD-ROM\\x20\\x20\\x20\\x20\\x20\\x20\\x20\\x20\\x20\\x20\\x20\\x20\\x20\\x20\\x20\\x20\\x20\\x20\\x20\\x20\\x20\\x20\\x20\\x20\\x20\\x20\\x20\\x20',
 u'ID_PART_TABLE_TYPE': u'dos',
 u'ID_PATH': u'pci-0000:00:01.1-ata-1.1',
 u'ID_PATH_TAG': u'pci-0000_00_01_1-ata-1_1',
 u'ID_REVISION': u'1.5.3',
 u'ID_SERIAL': u'QEMU_DVD-ROM_QM00002',
 u'ID_SERIAL_SHORT': u'QM00002',
 u'ID_TYPE': u'cd',
 u'MAJOR': u'11',
 u'MINOR': u'0',
 u'MPATH_SBIN_PATH': u'/sbin',
 u'SUBSYSTEM': u'block',
 u'TAGS': u':seat:systemd:uaccess:',
 u'USEC_INITIALIZED': u'86966'} ; name: sr0 ;
15:51:28,182 INFO blivet: scanning sr0 (/sys/devices/pci0000:00/0000:00:01.1/ata1/host0/target0:0:1/0:0:1:0/block/sr0)...
15:51:28,185 DEBUG blivet:           DeviceTree.getDeviceByName: hidden: False ; name: sr0 ; incomplete: False ;
15:51:28,189 DEBUG blivet:           DeviceTree.getDeviceByName returned None
15:51:28,192 INFO blivet: sr0 is a cdrom
15:51:28,195 DEBUG blivet:           DeviceTree.addUdevOpticalDevice:
15:51:28,196 DEBUG blivet: getFormat('None') returning DeviceFormat instance with object id 9
15:51:28,199 DEBUG blivet:               OpticalDevice._setFormat: sr0 ; current: None ; type: None ;
15:51:28,203 DEBUG blivet:                OpticalDevice.readCurrentSize: path: /dev/sr0 ; sysfsPath: /sys/devices/pci0000:00/0000:00:01.1/ata1/host0/target0:0:1/0:0:1:0/block/sr0 ; exists: True ;
15:51:28,207 DEBUG blivet: updated sr0 size to 422 MiB (422 MiB)
15:51:28,224 INFO blivet: added cdrom sr0 (id 8) to device tree
15:51:28,224 INFO blivet: got device: u'sr0'
15:51:28,225 DEBUG blivet:           DeviceTree.handleUdevDeviceFormat: name: sr0 ;
15:51:28,227 DEBUG blivet:            OpticalDevice.mediaPresent: sr0 ; status: True ;
15:51:28,234 INFO blivet: type detected on 'sr0' is 'iso9660'
15:51:28,236 DEBUG blivet:              Iso9660FS.supported: supported: True ;
15:51:28,237 DEBUG blivet: getFormat('iso9660') returning Iso9660FS instance with object id 11
15:51:28,238 DEBUG blivet:             OpticalDevice._setFormat: sr0 ; current: None ; type: iso9660 ;
15:51:28,238 INFO blivet: got format: existing iso9660 filesystem
15:51:28,240 DEBUG blivet:          DeviceTree.addUdevDevice: info: {u'DEVNAME': u'/dev/loop0',
 u'DEVPATH': u'/devices/virtual/block/loop0',
 u'DEVTYPE': u'disk',
 u'DM_MULTIPATH_TIMESTAMP': u'1505145071',
 u'ID_FS_TYPE': u'squashfs',
 u'ID_FS_USAGE': u'filesystem',
 u'ID_FS_VERSION': u'1024.0',
 u'MAJOR': u'7',
 u'MINOR': u'0',
 u'MPATH_SBIN_PATH': u'/sbin',
 u'SUBSYSTEM': u'block',
 u'TAGS': u':systemd:',
 u'USEC_INITIALIZED': u'71218'} ; name: loop0 ;
15:51:28,241 INFO blivet: scanning loop0 (/sys/devices/virtual/block/loop0)...
15:51:28,242 DEBUG blivet:           DeviceTree.getDeviceByName: hidden: False ; name: loop0 ; incomplete: False ;
15:51:28,243 DEBUG blivet:           DeviceTree.getDeviceByName returned None
15:51:28,243 INFO blivet: loop0 is a loop device
15:51:28,244 DEBUG blivet:           DeviceTree.addUdevLoopDevice: name: loop0 ;
15:51:28,245 DEBUG blivet:            DeviceTree.getDeviceByName: hidden: False ; name: /run/install/repo/LiveOS/squashfs.img ; incomplete: False ;
15:51:28,246 DEBUG blivet:            DeviceTree.getDeviceByName returned None
15:51:28,247 DEBUG blivet: getFormat('None') returning DeviceFormat instance with object id 14
15:51:28,248 DEBUG blivet:               FileDevice._setFormat: /run/install/repo/LiveOS/squashfs.img ; current: None ; type: None ;
15:51:28,249 INFO blivet: added file /run/install/repo/LiveOS/squashfs.img (id 13) to device tree
15:51:28,251 DEBUG blivet:                  FileDevice.addChild: kids: 0 ; name: /run/install/repo/LiveOS/squashfs.img ;
15:51:28,251 DEBUG blivet: getFormat('None') returning DeviceFormat instance with object id 17
15:51:28,252 DEBUG blivet:               LoopDevice._setFormat: loop0 ; current: None ; type: None ;
15:51:28,253 INFO blivet: added loop loop0 (id 16) to device tree
15:51:28,254 INFO blivet: got device: u'loop0'
15:51:28,255 DEBUG blivet:           DeviceTree.handleUdevDeviceFormat: name: loop0 ;
15:51:28,262 DEBUG blivet:            DeviceTree.handleUdevDiskLabelFormat: device: loop0 ; label_type: None ;
15:51:28,267 DEBUG blivet: device loop0 does not contain a disklabel
15:51:28,267 INFO blivet: type detected on 'loop0' is 'squashfs'
15:51:28,268 DEBUG blivet: getFormat('squashfs') returning DeviceFormat instance with object id 19
15:51:28,269 DEBUG blivet:             LoopDevice._setFormat: loop0 ; current: None ; type: None ;
15:51:28,271 DEBUG blivet:          DeviceTree.addUdevDevice: info: {u'DEVLINKS': u'/dev/disk/by-label/Anaconda /dev/disk/by-uuid/e2fddbe2-a003-4b98-b272-3defe7b377c4',
 u'DEVNAME': u'/dev/loop1',
 u'DEVPATH': u'/devices/virtual/block/loop1',
 u'DEVTYPE': u'disk',
 u'DM_MULTIPATH_TIMESTAMP': u'1505145071',
 u'ID_FS_LABEL': u'Anaconda',
 u'ID_FS_LABEL_ENC': u'Anaconda',
 u'ID_FS_TYPE': u'ext4',
 u'ID_FS_USAGE': u'filesystem',
 u'ID_FS_UUID': u'e2fddbe2-a003-4b98-b272-3defe7b377c4',
 u'ID_FS_UUID_ENC': u'e2fddbe2-a003-4b98-b272-3defe7b377c4',
 u'ID_FS_VERSION': u'1.0',
 u'MAJOR': u'7',
 u'MINOR': u'1',
 u'MPATH_SBIN_PATH': u'/sbin',
 u'SUBSYSTEM': u'block',
 u'TAGS': u':systemd:',
 u'USEC_INITIALIZED': u'71249'} ; name: loop1 ;
15:51:28,273 INFO blivet: scanning loop1 (/sys/devices/virtual/block/loop1)...
15:51:28,274 DEBUG blivet:           DeviceTree.getDeviceByName: hidden: False ; name: loop1 ; incomplete: False ;
15:51:28,275 DEBUG blivet:           DeviceTree.getDeviceByName returned None
15:51:28,275 INFO blivet: loop1 is a loop device
15:51:28,276 DEBUG blivet:           DeviceTree.addUdevLoopDevice: name: loop1 ;
15:51:28,277 DEBUG blivet:            DeviceTree.getDeviceByName: hidden: False ; name: /LiveOS/rootfs.img ; incomplete: False ;
15:51:28,278 DEBUG blivet:            DeviceTree.getDeviceByName returned None
15:51:28,279 DEBUG blivet: getFormat('None') returning DeviceFormat instance with object id 22
15:51:28,280 DEBUG blivet:               FileDevice._setFormat: /LiveOS/rootfs.img ; current: None ; type: None ;
15:51:28,281 INFO blivet: added file /LiveOS/rootfs.img (id 21) to device tree
15:51:28,282 DEBUG blivet:                  FileDevice.addChild: kids: 0 ; name: /LiveOS/rootfs.img ;
15:51:28,282 DEBUG blivet: getFormat('None') returning DeviceFormat instance with object id 25
15:51:28,283 DEBUG blivet:               LoopDevice._setFormat: loop1 ; current: None ; type: None ;
15:51:28,284 INFO blivet: added loop loop1 (id 24) to device tree
15:51:28,285 INFO blivet: got device: u'loop1'
15:51:28,286 DEBUG blivet:           DeviceTree.handleUdevDeviceFormat: name: loop1 ;
15:51:28,293 DEBUG blivet:            DeviceTree.handleUdevDiskLabelFormat: device: loop1 ; label_type: None ;
15:51:28,294 DEBUG blivet: device loop1 does not contain a disklabel
15:51:28,295 INFO blivet: type detected on 'loop1' is 'ext4'
15:51:28,060 WARN blivet: ext4 filesystem on /dev/loop1 needs repair
15:51:28,063 DEBUG blivet:               Ext4FS.supported: supported: True ;
15:51:28,063 DEBUG blivet: getFormat('ext4') returning Ext4FS instance with object id 27
15:51:28,065 DEBUG blivet:             LoopDevice._setFormat: loop1 ; current: None ; type: ext4 ;
15:51:28,067 INFO blivet: got format: existing ext4 filesystem
15:51:28,069 DEBUG blivet:          DeviceTree.addUdevDevice: info: {u'DEVNAME': u'/dev/loop2',
 u'DEVPATH': u'/devices/virtual/block/loop2',
 u'DEVTYPE': u'disk',
 u'DM_MULTIPATH_TIMESTAMP': u'1505145071',
 u'ID_FS_TYPE': u'DM_snapshot_cow',
 u'ID_FS_USAGE': u'other',
 u'MAJOR': u'7',
 u'MINOR': u'2',
 u'MPATH_SBIN_PATH': u'/sbin',
 u'SUBSYSTEM': u'block',
 u'TAGS': u':systemd:',
 u'USEC_INITIALIZED': u'71280'} ; name: loop2 ;
15:51:28,069 INFO blivet: scanning loop2 (/sys/devices/virtual/block/loop2)...
15:51:28,070 DEBUG blivet:           DeviceTree.getDeviceByName: hidden: False ; name: loop2 ; incomplete: False ;
15:51:28,072 DEBUG blivet:           DeviceTree.getDeviceByName returned None
15:51:28,072 INFO blivet: loop2 is a loop device
15:51:28,073 DEBUG blivet:           DeviceTree.addUdevLoopDevice: name: loop2 ;
15:51:28,074 DEBUG blivet:            DeviceTree.getDeviceByName: hidden: False ; name: /overlay (deleted) ; incomplete: False ;
15:51:28,075 DEBUG blivet:            DeviceTree.getDeviceByName returned None
15:51:28,076 DEBUG blivet: getFormat('None') returning DeviceFormat instance with object id 30
15:51:28,077 DEBUG blivet:               FileDevice._setFormat: /overlay (deleted) ; current: None ; type: None ;
15:51:28,078 INFO blivet: added file /overlay (deleted) (id 29) to device tree
15:51:28,079 DEBUG blivet:                  FileDevice.addChild: kids: 0 ; name: /overlay (deleted) ;
15:51:28,079 DEBUG blivet: getFormat('None') returning DeviceFormat instance with object id 33
15:51:28,080 DEBUG blivet:               LoopDevice._setFormat: loop2 ; current: None ; type: None ;
15:51:28,081 INFO blivet: added loop loop2 (id 32) to device tree
15:51:28,082 INFO blivet: got device: u'loop2'
15:51:28,083 DEBUG blivet:           DeviceTree.handleUdevDeviceFormat: name: loop2 ;
15:51:28,090 DEBUG blivet:            DeviceTree.handleUdevDiskLabelFormat: device: loop2 ; label_type: None ;
15:51:28,091 DEBUG blivet: device loop2 does not contain a disklabel
15:51:28,092 INFO blivet: type detected on 'loop2' is 'DM_snapshot_cow'
15:51:28,092 DEBUG blivet: getFormat('DM_snapshot_cow') returning DeviceFormat instance with object id 35
15:51:28,095 DEBUG blivet:             LoopDevice._setFormat: loop2 ; current: None ; type: None ;
15:51:28,097 DEBUG blivet:          DeviceTree.addUdevDevice: info: {u'DEVLINKS': u'/dev/disk/by-id/dm-name-live-rw /dev/disk/by-label/Anaconda /dev/disk/by-uuid/e2fddbe2-a003-4b98-b272-3defe7b377c4 /dev/mapper/live-rw',
 u'DEVNAME': u'/dev/dm-0',
 u'DEVPATH': u'/devices/virtual/block/dm-0',
 u'DEVTYPE': u'disk',
 u'DM_MULTIPATH_TIMESTAMP': u'1505145071',
 u'DM_NAME': u'live-rw',
 u'DM_SUSPENDED': u'0',
 u'DM_UDEV_DISABLE_LIBRARY_FALLBACK_FLAG': u'1',
 u'DM_UDEV_PRIMARY_SOURCE_FLAG': u'1',
 u'DM_UDEV_RULES_VSN': u'2',
 u'ID_FS_LABEL': u'Anaconda',
 u'ID_FS_LABEL_ENC': u'Anaconda',
 u'ID_FS_TYPE': u'ext4',
 u'ID_FS_USAGE': u'filesystem',
 u'ID_FS_UUID': u'e2fddbe2-a003-4b98-b272-3defe7b377c4',
 u'ID_FS_UUID_ENC': u'e2fddbe2-a003-4b98-b272-3defe7b377c4',
 u'ID_FS_VERSION': u'1.0',
 u'MAJOR': u'253',
 u'MINOR': u'0',
 u'MPATH_SBIN_PATH': u'/sbin',
 u'SUBSYSTEM': u'block',
 u'TAGS': u':systemd:',
 u'USEC_INITIALIZED': u'53421'} ; name: live-rw ;
15:51:28,099 INFO blivet: scanning live-rw (/sys/devices/virtual/block/dm-0)...
15:51:28,100 DEBUG blivet:           DeviceTree.getDeviceByName: hidden: False ; name: live-rw ; incomplete: False ;
15:51:28,101 DEBUG blivet:           DeviceTree.getDeviceByName returned None
15:51:28,101 INFO blivet: live-rw is a device-mapper device
15:51:28,102 DEBUG blivet:           DeviceTree.addUdevDMDevice: name: live-rw ;
15:51:28,103 DEBUG blivet:            DeviceTree.getDeviceByName: hidden: False ; name: loop1 ; incomplete: False ;
15:51:28,105 DEBUG blivet:            DeviceTree.getDeviceByName returned loop1
15:51:28,106 DEBUG blivet:            DeviceTree.getDeviceByName: hidden: False ; name: loop2 ; incomplete: False ;
15:51:28,107 DEBUG blivet:            DeviceTree.getDeviceByName returned loop2
15:51:28,108 DEBUG blivet:            DeviceTree.getDeviceByName: hidden: False ; name: live-rw ; incomplete: False ;
15:51:28,109 DEBUG blivet:            DeviceTree.getDeviceByName returned None
15:51:28,111 DEBUG blivet:                  LoopDevice.addChild: kids: 0 ; name: loop2 ;
15:51:28,111 DEBUG blivet: getFormat('None') returning DeviceFormat instance with object id 38
15:51:28,113 DEBUG blivet:               DMDevice._setFormat: live-rw ; current: None ; type: None ;
15:51:28,114 DEBUG blivet:                DMDevice.readCurrentSize: path: /dev/mapper/live-rw ; sysfsPath: /sys/devices/virtual/block/dm-0 ; exists: True ;
15:51:28,115 DEBUG blivet: updated live-rw size to 2048 MiB (2048 MiB)
15:51:28,132 INFO blivet: added dm live-rw (id 37) to device tree
15:51:28,133 INFO blivet: got device: u'live-rw'
15:51:28,134 DEBUG blivet:           DeviceTree.handleUdevDeviceFormat: name: live-rw ;
15:51:28,141 DEBUG blivet:            DeviceTree.handleUdevDiskLabelFormat: device: live-rw ; label_type: None ;
15:51:28,142 DEBUG blivet: device live-rw does not contain a disklabel
15:51:28,143 INFO blivet: type detected on 'live-rw' is 'ext4'
15:51:28,178 DEBUG blivet: size=1180.16 MiB, current=2048 MiB
15:51:28,200 DEBUG blivet: padding min size from 1180.16 MiB up to 1299 MiB
15:51:28,217 DEBUG blivet:               Ext4FS.supported: supported: True ;
15:51:28,218 DEBUG blivet: getFormat('ext4') returning Ext4FS instance with object id 40
15:51:28,219 DEBUG blivet:             DMDevice._setFormat: live-rw ; current: None ; type: ext4 ;
15:51:28,219 INFO blivet: got format: existing ext4 filesystem
15:51:28,221 DEBUG blivet:          DeviceTree.addUdevDevice: info: {u'DEVLINKS': u'/dev/disk/by-id/dm-name-live-base /dev/disk/by-label/Anaconda /dev/disk/by-uuid/e2fddbe2-a003-4b98-b272-3defe7b377c4 /dev/mapper/live-base',
 u'DEVNAME': u'/dev/dm-1',
 u'DEVPATH': u'/devices/virtual/block/dm-1',
 u'DEVTYPE': u'disk',
 u'DM_MULTIPATH_TIMESTAMP': u'1505145071',
 u'DM_NAME': u'live-base',
 u'DM_SUSPENDED': u'0',
 u'DM_UDEV_DISABLE_LIBRARY_FALLBACK_FLAG': u'1',
 u'DM_UDEV_PRIMARY_SOURCE_FLAG': u'1',
 u'DM_UDEV_RULES_VSN': u'2',
 u'ID_FS_LABEL': u'Anaconda',
 u'ID_FS_LABEL_ENC': u'Anaconda',
 u'ID_FS_TYPE': u'ext4',
 u'ID_FS_USAGE': u'filesystem',
 u'ID_FS_UUID': u'e2fddbe2-a003-4b98-b272-3defe7b377c4',
 u'ID_FS_UUID_ENC': u'e2fddbe2-a003-4b98-b272-3defe7b377c4',
 u'ID_FS_VERSION': u'1.0',
 u'MAJOR': u'253',
 u'MINOR': u'1',
 u'MPATH_SBIN_PATH': u'/sbin',
 u'SUBSYSTEM': u'block',
 u'TAGS': u':systemd:',
 u'USEC_INITIALIZED': u'66705'} ; name: live-base ;
15:51:28,223 INFO blivet: scanning live-base (/sys/devices/virtual/block/dm-1)...
15:51:28,224 DEBUG blivet:           DeviceTree.getDeviceByName: hidden: False ; name: live-base ; incomplete: False ;
15:51:28,225 DEBUG blivet:           DeviceTree.getDeviceByName returned None
15:51:28,226 INFO blivet: live-base is a device-mapper device
15:51:28,227 DEBUG blivet:           DeviceTree.addUdevDMDevice: name: live-base ;
15:51:28,228 DEBUG blivet:            DMDevice.getDMNode: live-rw ; status: True ;
15:51:28,229 DEBUG blivet:            DeviceTree.getDeviceByName: hidden: False ; name: loop1 ; incomplete: False ;
15:51:28,230 DEBUG blivet:            DeviceTree.getDeviceByName returned loop1
15:51:28,231 DEBUG blivet:            DeviceTree.getDeviceByName: hidden: False ; name: live-base ; incomplete: False ;
15:51:28,232 DEBUG blivet:            DeviceTree.getDeviceByName returned None
15:51:28,234 DEBUG blivet:                  LoopDevice.addChild: kids: 0 ; name: loop1 ;
15:51:28,234 DEBUG blivet: getFormat('None') returning DeviceFormat instance with object id 43
15:51:28,235 DEBUG blivet:               DMDevice._setFormat: live-base ; current: None ; type: None ;
15:51:28,237 DEBUG blivet:                DMDevice.readCurrentSize: path: /dev/mapper/live-base ; sysfsPath: /sys/devices/virtual/block/dm-1 ; exists: True ;
15:51:28,238 DEBUG blivet: updated live-base size to 2048 MiB (2048 MiB)
15:51:28,255 INFO blivet: added dm live-base (id 42) to device tree
15:51:28,255 INFO blivet: got device: u'live-base'
15:51:28,256 DEBUG blivet:           DeviceTree.handleUdevDeviceFormat: name: live-base ;
15:51:28,268 DEBUG blivet:            DeviceTree.handleUdevDiskLabelFormat: device: live-base ; label_type: None ;
15:51:28,269 DEBUG blivet: device live-base does not contain a disklabel
15:51:28,270 INFO blivet: type detected on 'live-base' is 'ext4'
15:51:28,310 WARN blivet: ext4 filesystem on /dev/mapper/live-base needs repair
15:51:28,312 DEBUG blivet:               Ext4FS.supported: supported: True ;
15:51:28,312 DEBUG blivet: getFormat('ext4') returning Ext4FS instance with object id 45
15:51:28,313 DEBUG blivet:             DMDevice._setFormat: live-base ; current: None ; type: ext4 ;
15:51:28,314 INFO blivet: got format: existing ext4 filesystem
15:51:28,325 DEBUG blivet:           DiskDevice.teardown: sda ; status: True ; controllable: True ;
15:51:28,326 DEBUG blivet:             DeviceFormat.teardown: device: /dev/sda ; status: False ; type: None ;
15:51:28,328 DEBUG blivet:             DeviceFormat.teardown: device: /dev/sda ; status: False ; type: None ;
15:51:28,336 INFO blivet: not going to restore from backup of non-existent /etc/mdadm.conf
15:51:28,336 INFO blivet: edd: collected mbr signatures: {}
15:51:28,336 DEBUG blivet: edd: data extracted from 0x80:
	type: ATA, ata_device: 0
	channel: 0, mbr_signature: None
	pci_dev: 00:01.1, scsi_id: None
	scsi_lun: None, sectors: 6291456
15:51:28,336 WARN blivet: edd: directory does not exist: /sys/devices/pci0000:00/0000:00:01.1/host0/target0:0:0/0:0:0:0/block
15:51:28,337 ERR blivet: edd: unable to match edd entry 0x80
15:51:28,343 DEBUG blivet:          DiskDevice.teardown: sda ; status: True ; controllable: True ;
15:51:28,344 DEBUG blivet:            DeviceFormat.teardown: device: /dev/sda ; status: False ; type: None ;
15:51:28,345 DEBUG blivet:            DeviceFormat.teardown: device: /dev/sda ; status: False ; type: None ;
15:51:28,425 DEBUG blivet:             Ext4FS.supported: supported: True ;
15:51:28,427 DEBUG blivet:             Ext4FS.supported: supported: True ;
15:51:28,429 DEBUG blivet:            Ext4FS.supported: supported: True ;
15:51:28,430 DEBUG blivet:            Iso9660FS.supported: supported: True ;
15:51:28,456 DEBUG blivet: onlyuse is now: sda
15:51:28,466 DEBUG blivet:          DeviceTree.getDependentDevices: dep: existing 3072 MiB disk sda (4) ; hidden: False ;
15:51:28,483 DEBUG blivet: dep is a leaf
15:51:29,171 DEBUG blivet: /dev/sr0 is mounted on /run/install/repo
15:51:29,465 DEBUG blivet: /dev/sr0 is mounted on /run/install/repo
15:51:40,674 DEBUG blivet:          DeviceTree.getDevicesByInstance: hidden: False ; incomplete: False ; device_class: <class 'blivet.devices.partition.PartitionDevice'> ;
15:51:40,675 DEBUG blivet:          DeviceTree.getDevicesByInstance returned []
15:51:40,676 DEBUG blivet:          DeviceTree.getDependentDevices: dep: existing 3072 MiB disk sda (4) ; hidden: False ;
15:51:40,693 DEBUG blivet: dep is a leaf
15:51:40,693 DEBUG blivet: removing sda
15:51:40,694 DEBUG blivet:           DeviceTree.getDependentDevices: dep: existing 3072 MiB disk sda (4) ; hidden: False ;
15:51:40,711 DEBUG blivet: dep is a leaf
15:51:40,712 DEBUG blivet: getFormat('None') returning DeviceFormat instance with object id 48
15:51:40,713 DEBUG blivet:             DiskDevice._setFormat: sda ; current: None ; type: None ;
15:51:40,714 INFO blivet: registered action: [47] destroy format None on disk sda (id 4)
15:51:40,714 DEBUG blivet: clearpart: initializing sda
15:51:40,715 DEBUG blivet: getFormat('None') returning DeviceFormat instance with object id 50
15:51:40,716 DEBUG blivet:             DiskDevice._setFormat: sda ; current: None ; type: None ;
15:51:40,716 INFO blivet: registered action: [49] destroy format None on disk sda (id 4)
15:51:40,719 DEBUG blivet: default disklabel type for sda is msdos
15:51:40,719 DEBUG blivet: selecting msdos disklabel for sda based on size
15:51:40,721 DEBUG blivet:           DiskLabel.__init__: device: /dev/sda ; labelType: msdos ;
15:51:40,722 DEBUG blivet:              DiskLabel.freshPartedDisk: device: /dev/sda ; labelType: msdos ;
15:51:40,723 DEBUG blivet: Did not change pmbr_boot on parted.Disk instance --
  type: msdos  primaryPartitionCount: 0
  lastPartitionNumber: -1  maxPrimaryPartitionCount: 4
  partitions: []
  device: <parted.device.Device object at 0x3677690>
  PedDisk: <_ped.Disk object at 0x7fba90cbacf8>
15:51:40,731 DEBUG blivet: getFormat('disklabel') returning DiskLabel instance with object id 51
15:51:40,733 DEBUG blivet:             DiskDevice._setFormat: sda ; current: None ; type: disklabel ;
15:51:40,733 INFO blivet: registered action: [52] create format msdos disklabel on disk sda (id 4)
15:51:40,735 DEBUG blivet:          DeviceTree.getDevicesByInstance: hidden: False ; incomplete: False ; device_class: <class 'blivet.devices.partition.PartitionDevice'> ;
15:51:40,736 DEBUG blivet:          DeviceTree.getDevicesByInstance returned []
15:51:40,740 DEBUG blivet:         DeviceTree.getDeviceByName: hidden: False ; name: sda ; incomplete: False ;
15:51:40,741 DEBUG blivet:         DeviceTree.getDeviceByName returned sda
15:51:40,741 DEBUG blivet: resolved 'sda' to 'sda' (disk)
15:51:40,743 DEBUG blivet:            Ext4FS.supported: supported: True ;
15:51:40,743 DEBUG blivet: getFormat('ext4') returning Ext4FS instance with object id 53
15:51:40,745 DEBUG blivet:             PartitionDevice._setFormat: req0 ; current: None ; type: ext4 ;
15:51:40,746 INFO blivet: added partition req0 (id 54) to device tree
15:51:40,746 INFO blivet: registered action: [56] create device partition req0 (id 54)
15:51:40,747 DEBUG blivet: getFormat('None') returning DeviceFormat instance with object id 58
15:51:40,748 DEBUG blivet:             PartitionDevice._setFormat: req0 ; current: ext4 ; type: ext4 ;
15:51:40,748 INFO blivet: registered action: [57] create format ext4 filesystem mounted at / on partition req0 (id 54)
15:51:40,750 DEBUG blivet:         DiskDevice.setup: sda ; status: True ; controllable: True ; orig: False ;
15:51:40,751 DEBUG blivet:          DeviceTree.getDevicesByInstance: hidden: False ; incomplete: False ; device_class: <class 'blivet.devices.partition.PartitionDevice'> ;
15:51:40,753 DEBUG blivet:          DeviceTree.getDevicesByInstance returned ['req0']
15:51:40,754 DEBUG blivet:          DeviceTree.getDevicesByInstance: hidden: False ; incomplete: False ; device_class: <class 'blivet.devices.partition.PartitionDevice'> ;
15:51:40,755 DEBUG blivet:          DeviceTree.getDevicesByInstance returned ['req0']
15:51:40,756 DEBUG blivet: removing all non-preexisting partitions ['req0(id 54)'] from disk(s) [u'sda']
15:51:40,757 DEBUG blivet: allocatePartitions: disks=[u'sda'] ; partitions=['req0(id 54)']
15:51:40,759 DEBUG blivet:            DeviceTree.getDeviceByName: hidden: False ; name: sda ; incomplete: False ;
15:51:40,760 DEBUG blivet:            DeviceTree.getDeviceByName returned sda
15:51:40,760 DEBUG blivet: resolved 'sda' to 'sda' (disk)
15:51:40,761 DEBUG blivet: removing all non-preexisting partitions ['req0(id 54)'] from disk(s) [u'sda']
15:51:40,762 DEBUG blivet: allocating partition: req0 ; id: 54 ; disks: [u'sda'] ;
boot: False ; primary: False ; size: 3145728000 ; grow: False ; max_size: 0 B ; start: None ; end: None
15:51:40,762 DEBUG blivet: checking freespace on sda
15:51:40,763 DEBUG blivet: getBestFreeSpaceRegion: disk=/dev/sda part_type=0 req_size=3145728000 boot=False best=None grow=False start=None
15:51:40,764 DEBUG blivet: checking 63-6291455 (3071)
15:51:40,764 DEBUG blivet: current free range is 63-6291455 (3071)
15:51:40,765 DEBUG blivet: updating use_disk to sda, type: 0
15:51:40,765 DEBUG blivet: new free: 63-6291455 / 3071
15:51:40,766 DEBUG blivet: new free allows for 0 sectors of growth
15:51:40,766 DEBUG blivet: using alignment: parted.Alignment instance --
  offset: 0  grainSize: 2048
  PedAlignment: <_ped.Alignment object at 0x7fba8d0043d0>
15:51:40,767 DEBUG blivet: adjusted start sector from 63 to 2048
15:51:40,768 DEBUG blivet: created partition sda1 of 3000 and added it to /dev/sda
15:51:40,769 DEBUG blivet:           PartitionDevice._setPartedPartition: req0 ;
15:51:40,769 DEBUG blivet: device req0 new partedPartition parted.Partition instance --
  disk: <parted.disk.Disk object at 0x3677550>  fileSystem: None
  number: 1  path: /dev/sda1  type: 0
  name: None  active: True  busy: False
  geometry: <parted.geometry.Geometry object at 0x7fba94171810>  PedPartition: <_ped.Partition object at 0x7fba94174170>
15:51:40,772 DEBUG blivet:           PartitionDevice._setDisk: sda1 ; new: sda ; old: None ;
15:51:40,773 DEBUG blivet:              DiskDevice.addChild: kids: 0 ; name: sda ;
15:51:40,774 DEBUG blivet:           PartitionDevice._setPartedPartition: sda1 ;
15:51:40,774 DEBUG blivet: device sda1 new partedPartition parted.Partition instance --
  disk: <parted.disk.Disk object at 0x3677550>  fileSystem: None
  number: 1  path: /dev/sda1  type: 0
  name: None  active: True  busy: False
  geometry: <parted.geometry.Geometry object at 0x7fba94171690>  PedPartition: <_ped.Partition object at 0x7fba941740b0>
15:51:40,775 DEBUG blivet: growPartitions: disks=[u'sda'], partitions=['sda1(id 54)']
15:51:40,776 DEBUG blivet: no growable partitions
15:51:40,777 DEBUG blivet:          DeviceTree.getDevicesByInstance: hidden: False ; incomplete: False ; device_class: <class 'blivet.devices.partition.PartitionDevice'> ;
15:51:40,778 DEBUG blivet:          DeviceTree.getDevicesByInstance returned ['sda1']
15:51:40,778 DEBUG blivet: fixing size of non-existent 3000 MiB partition sda1 (54) with non-existent ext4 filesystem mounted at /
15:51:40,788 DEBUG blivet:          DeviceTree.getDevicesByInstance: hidden: False ; incomplete: False ; device_class: <class 'blivet.devices.partition.PartitionDevice'> ;
15:51:40,789 DEBUG blivet:          DeviceTree.getDevicesByInstance returned ['sda1']
15:51:40,790 DEBUG blivet:           DeviceTree.getDevicesByInstance: hidden: False ; incomplete: False ; device_class: <class 'blivet.devices.partition.PartitionDevice'> ;
15:51:40,791 DEBUG blivet:           DeviceTree.getDevicesByInstance returned ['sda1']
15:51:40,792 DEBUG blivet:          DeviceTree.getDevicesByInstance: hidden: False ; incomplete: False ; device_class: <class 'blivet.devices.partition.PartitionDevice'> ;
15:51:40,793 DEBUG blivet:          DeviceTree.getDevicesByInstance returned ['sda1']
15:51:40,796 DEBUG blivet:          DeviceTree.getDeviceByName: hidden: False ; name: sda ; incomplete: False ;
15:51:40,797 DEBUG blivet:          DeviceTree.getDeviceByName returned sda
15:51:40,798 DEBUG blivet: resolved 'sda' to 'sda' (disk)
15:51:40,799 DEBUG blivet:         DeviceTree.getDeviceByName: hidden: False ; name: sda ; incomplete: False ;
15:51:40,800 DEBUG blivet:         DeviceTree.getDeviceByName returned sda
15:51:40,800 DEBUG blivet: resolved 'sda' to 'sda' (disk)
15:51:41,504 INFO blivet: omitting ksdata: existing 3072 MiB disk sda (4) with non-existent msdos disklabel
15:51:41,527 DEBUG blivet:         PartitionDevice.teardown: sda1 ; status: False ; controllable: True ;
15:51:41,528 DEBUG blivet:           DiskDevice.teardown: sda ; status: True ; controllable: True ;
15:51:41,529 DEBUG blivet:             DeviceFormat.teardown: device: /dev/sda ; status: False ; type: None ;
15:51:41,539 DEBUG blivet: action: [47] destroy format None on disk sda (id 4)
15:51:41,539 DEBUG blivet: action: [49] destroy format None on disk sda (id 4)
15:51:41,540 DEBUG blivet: action: [52] create format msdos disklabel on disk sda (id 4)
15:51:41,540 DEBUG blivet: action: [56] create device partition sda1 (id 54)
15:51:41,541 DEBUG blivet: action: [57] create format ext4 filesystem mounted at / on partition sda1 (id 54)
15:51:41,541 INFO blivet: pruning action queue...
15:51:41,542 INFO blivet: removing obsolete action 49 (47)
15:51:41,543 INFO blivet: resetting parted disks...
15:51:41,544 DEBUG blivet:           DiskLabel.resetPartedDisk: device: /dev/sda ;
15:51:41,545 DEBUG blivet:           PartitionDevice.preCommitFixup: sda1 ;
15:51:41,545 INFO blivet: sorting actions...
15:51:41,546 DEBUG blivet: action: [47] destroy format None on disk sda (id 4)
15:51:41,547 DEBUG blivet: lvm filter: removing sda1 from the reject list
15:51:41,547 DEBUG blivet: sda1 wasn't in the reject list
15:51:41,547 DEBUG blivet: action: [52] create format msdos disklabel on disk sda (id 4)
15:51:41,548 DEBUG blivet: lvm filter: removing sda1 from the reject list
15:51:41,548 DEBUG blivet: sda1 wasn't in the reject list
15:51:41,549 DEBUG blivet: action: [56] create device partition sda1 (id 54)
15:51:41,549 DEBUG blivet: action: [57] create format ext4 filesystem mounted at / on partition sda1 (id 54)
15:51:41,550 INFO blivet: executing action: [47] destroy format None on disk sda (id 4)
15:51:41,551 DEBUG blivet:           DiskDevice.setup: sda ; status: True ; controllable: True ; orig: True ;
15:51:41,552 DEBUG blivet:           DeviceFormat.destroy: device: /dev/sda ; status: False ; type: None ;
15:51:41,599 INFO blivet: executing action: [52] create format msdos disklabel on disk sda (id 4)
15:51:41,601 DEBUG blivet:           DiskDevice.setup: sda ; status: True ; controllable: True ; orig: False ;
15:51:41,602 DEBUG blivet:           DiskDevice.setup: sda ; status: True ; controllable: True ; orig: False ;
15:51:41,603 DEBUG blivet:           DiskLabel.create: device: /dev/sda ; status: False ; type: disklabel ;
15:51:41,604 DEBUG blivet:            DiskLabel.create: device: /dev/sda ; status: False ; type: disklabel ;
15:51:41,606 DEBUG blivet:            DiskLabel.commit: device: /dev/sda ; numparts: 0 ;
15:51:41,658 INFO blivet: executing action: [56] create device partition sda1 (id 54)
15:51:41,659 DEBUG blivet:           PartitionDevice.create: sda1 ; status: False ;
15:51:41,661 DEBUG blivet:             PartitionDevice.setupParents: kids: 0 ; name: sda1 ; orig: False ;
15:51:41,663 DEBUG blivet:              DiskDevice.setup: sda ; status: True ; controllable: True ; orig: False ;
15:51:41,664 DEBUG blivet:              DiskLabel.setup: device: /dev/sda ; status: False ; type: disklabel ;
15:51:41,665 DEBUG blivet:            PartitionDevice._create: sda1 ; status: False ;
15:51:41,667 DEBUG blivet:             PartitionDevice._wipe: sda1 ; status: False ;
15:51:41,755 DEBUG blivet:             DiskLabel.commit: device: /dev/sda ; numparts: 1 ;
15:51:41,816 DEBUG blivet: post-commit partition path is /dev/sda1
15:51:41,819 DEBUG blivet:              PartitionDevice._setPartedPartition: sda1 ;
15:51:41,819 DEBUG blivet: device sda1 new partedPartition parted.Partition instance --
  disk: <parted.disk.Disk object at 0x7fba913f6f10>  fileSystem: None
  number: 1  path: /dev/sda1  type: 0
  name: None  active: True  busy: False
  geometry: <parted.geometry.Geometry object at 0x7fba94176d50>  PedPartition: <_ped.Partition object at 0x7fba94174e90>
15:51:41,822 DEBUG blivet:             DeviceFormat.destroy: device: /dev/sda1 ; status: False ; type: None ;
15:51:41,840 DEBUG blivet:              PartitionDevice.setup: sda1 ; status: True ; controllable: True ; orig: False ;
15:51:41,842 DEBUG blivet:              PartitionDevice.updateSysfsPath: sda1 ; status: True ;
15:51:41,842 DEBUG blivet: sda1 sysfsPath set to /sys/devices/pci0000:00/0000:00:01.1/ata1/host0/target0:0:0/0:0:0:0/block/sda/sda1
15:51:41,853 DEBUG blivet:                PartitionDevice.readCurrentSize: path: /dev/sda1 ; sysfsPath: /sys/devices/pci0000:00/0000:00:01.1/ata1/host0/target0:0:0/0:0:0:0/block/sda/sda1 ; exists: True ;
15:51:41,855 WARN blivet: queue/logical_block_size is not a valid attribute
15:51:41,856 WARN blivet: queue/optimal_io_size is not a valid attribute
15:51:41,856 WARN blivet: queue/minimum_io_size is not a valid attribute
15:51:41,857 DEBUG blivet: updated sda1 size to 3000 MiB (3000 MiB)
15:51:41,886 INFO blivet: executing action: [57] create format ext4 filesystem mounted at / on partition sda1 (id 54)
15:51:41,888 DEBUG blivet:           PartitionDevice.setup: sda1 ; status: True ; controllable: True ; orig: False ;
15:51:41,890 DEBUG blivet:           PartitionDevice.unsetFlag: path: /dev/sda1 ; flag: 1 ;
15:51:41,891 DEBUG blivet:           PartitionDevice.unsetFlag: path: /dev/sda1 ; flag: 2 ;
15:51:41,892 DEBUG blivet:           PartitionDevice.unsetFlag: path: /dev/sda1 ; flag: 3 ;
15:51:41,893 DEBUG blivet:           PartitionDevice.unsetFlag: path: /dev/sda1 ; flag: 4 ;
15:51:41,894 DEBUG blivet:           PartitionDevice.unsetFlag: path: /dev/sda1 ; flag: 5 ;
15:51:41,896 DEBUG blivet:           PartitionDevice.unsetFlag: path: /dev/sda1 ; flag: 6 ;
15:51:41,897 DEBUG blivet:           PartitionDevice.unsetFlag: path: /dev/sda1 ; flag: 8 ;
15:51:41,898 DEBUG blivet:           PartitionDevice.unsetFlag: path: /dev/sda1 ; flag: 9 ;
15:51:41,899 DEBUG blivet:           PartitionDevice.unsetFlag: path: /dev/sda1 ; flag: 10 ;
15:51:41,900 DEBUG blivet:           PartitionDevice.unsetFlag: path: /dev/sda1 ; flag: 11 ;
15:51:41,902 DEBUG blivet:           PartitionDevice.unsetFlag: path: /dev/sda1 ; flag: 12 ;
15:51:41,903 DEBUG blivet:           PartitionDevice.unsetFlag: path: /dev/sda1 ; flag: 13 ;
15:51:41,904 DEBUG blivet:           PartitionDevice.unsetFlag: path: /dev/sda1 ; flag: 14 ;
15:51:41,905 DEBUG blivet:           PartitionDevice.unsetFlag: path: /dev/sda1 ; flag: 15 ;
15:51:41,907 DEBUG blivet:           DiskLabel.commitToDisk: device: /dev/sda ; numparts: 1 ;
15:51:41,941 DEBUG blivet:           PartitionDevice.setup: sda1 ; status: True ; controllable: True ; orig: False ;
15:51:41,942 DEBUG blivet:            Ext4FS.create: device: /dev/sda1 ; status: False ; type: ext4 ;
15:51:41,944 DEBUG blivet:            Ext4FS.doFormat: device: /dev/sda1 ; mountpoint: / ; type: ext4 ;
15:51:42,862 DEBUG blivet:             Ext4FS.notifyKernel: device: /dev/sda1 ; type: ext4 ;
15:51:42,863 DEBUG blivet: notifying kernel of 'change' event on device /sys/class/block/sda1
15:51:42,898 DEBUG blivet:              Ext4FS.notifyKernel: device: /dev/sda1 ; type: ext4 ;
15:51:42,899 DEBUG blivet: notifying kernel of 'change' event on device /sys/class/block/sda1
15:51:42,932 DEBUG blivet:           DeviceTree.getDevicesByInstance: hidden: False ; incomplete: False ; device_class: <class 'blivet.devices.partition.PartitionDevice'> ;
15:51:42,933 DEBUG blivet:           DeviceTree.getDevicesByInstance returned ['sda1']
15:51:42,935 DEBUG blivet:            PartitionDevice._setPartedPartition: sda1 ;
15:51:42,935 DEBUG blivet: device sda1 new partedPartition parted.Partition instance --
  disk: <parted.disk.Disk object at 0x7fba913f6f10>  fileSystem: <parted.filesystem.FileSystem object at 0x7fba9417e690>
  number: 1  path: /dev/sda1  type: 0
  name: None  active: True  busy: False
  geometry: <parted.geometry.Geometry object at 0x7fba9417e1d0>  PedPartition: <_ped.Partition object at 0x7fba94174ef0>
15:51:42,938 INFO blivet: setting boot flag on sda1
15:51:42,939 DEBUG blivet:          PartitionDevice.setFlag: path: /dev/sda1 ; flag: 1 ;
15:51:42,940 DEBUG blivet:         DiskDevice.setup: sda ; status: True ; controllable: True ; orig: False ;
15:51:42,941 DEBUG blivet:         DiskLabel.commitToDisk: device: /dev/sda ; numparts: 1 ;
15:51:42,947 DEBUG blivet:              Ext4FS.supported: supported: True ;
15:51:42,951 DEBUG blivet:              Ext4FS.supported: supported: True ;
15:51:42,961 DEBUG blivet:             Ext4FS.supported: supported: True ;
15:51:42,964 DEBUG blivet:              Ext4FS.supported: supported: True ;
15:51:42,973 DEBUG blivet:             Iso9660FS.supported: supported: True ;
15:51:43,016 DEBUG blivet:             BindFS.supported: supported: False ;
15:51:43,016 DEBUG blivet: getFormat('bind') returning BindFS instance with object id 61
15:51:43,017 DEBUG blivet:              DirectoryDevice._setFormat: /dev ; current: None ; type: bind ;
15:51:43,019 DEBUG blivet:               DirectoryDevice.readCurrentSize: path: /dev ; sysfsPath:  ; exists: True ;
15:51:43,019 DEBUG blivet: updated /dev size to 3200 B (0 B)
15:51:43,029 DEBUG blivet:               TmpFS.supported: supported: True ;
15:51:43,036 DEBUG blivet: getFormat('tmpfs') returning TmpFS instance with object id 64
15:51:43,037 DEBUG blivet:              NoDevice._setFormat: tmpfs ; current: None ; type: tmpfs ;
15:51:43,039 DEBUG blivet:              DevPtsFS.supported: supported: False ;
15:51:43,039 DEBUG blivet: getFormat('devpts') returning DevPtsFS instance with object id 67
15:51:43,041 DEBUG blivet:              NoDevice._setFormat: devpts ; current: None ; type: devpts ;
15:51:43,042 DEBUG blivet:              SysFS.supported: supported: False ;
15:51:43,042 DEBUG blivet: getFormat('sysfs') returning SysFS instance with object id 70
15:51:43,043 DEBUG blivet:              NoDevice._setFormat: sysfs ; current: None ; type: sysfs ;
15:51:43,045 DEBUG blivet:              ProcFS.supported: supported: False ;
15:51:43,045 DEBUG blivet: getFormat('proc') returning ProcFS instance with object id 73
15:51:43,046 DEBUG blivet:              NoDevice._setFormat: proc ; current: None ; type: proc ;
15:51:43,047 DEBUG blivet:              SELinuxFS.supported: supported: False ;
15:51:43,048 DEBUG blivet: getFormat('selinuxfs') returning SELinuxFS instance with object id 76
15:51:43,049 DEBUG blivet:              NoDevice._setFormat: selinuxfs ; current: None ; type: selinuxfs ;
15:51:43,050 DEBUG blivet:              USBFS.supported: supported: False ;
15:51:43,051 DEBUG blivet: getFormat('usbfs') returning USBFS instance with object id 79
15:51:43,052 DEBUG blivet:              NoDevice._setFormat: usbfs ; current: None ; type: usbfs ;
15:51:43,054 DEBUG blivet:             BindFS.supported: supported: False ;
15:51:43,054 DEBUG blivet: getFormat('bind') returning BindFS instance with object id 82
15:51:43,055 DEBUG blivet:              DirectoryDevice._setFormat: /run ; current: None ; type: bind ;
15:51:43,056 DEBUG blivet:               DirectoryDevice.readCurrentSize: path: /run ; sysfsPath:  ; exists: True ;
15:51:43,057 DEBUG blivet: updated /run size to 660 B (0 B)
15:51:43,059 DEBUG blivet:          PartitionDevice.setup: sda1 ; status: True ; controllable: True ; orig: False ;
15:51:43,077 INFO blivet: set SELinux context for newly mounted filesystem root at / to system_u:object_r:root_t:s0
15:51:43,078 INFO blivet: set SELinux context for newly mounted filesystem lost+found directory at /lost+found to system_u:object_r:lost_found_t:s0
15:51:43,079 DEBUG blivet:          DirectoryDevice.setup: /dev ; status: True ; controllable: True ; orig: False ;
15:51:43,087 INFO blivet: set SELinux context for newly mounted filesystem root at /dev to system_u:object_r:device_t:s0
15:51:43,087 INFO blivet: set SELinux context for newly mounted filesystem lost+found directory at /dev/lost+found to system_u:object_r:lost_found_t:s0
15:51:43,089 DEBUG blivet:          NoDevice.setup: devpts ; status: False ; controllable: True ; orig: False ;
15:51:43,096 INFO blivet: set SELinux context for newly mounted filesystem root at /dev/pts to system_u:object_r:devpts_t:s0
15:51:43,096 INFO blivet: set SELinux context for newly mounted filesystem lost+found directory at /dev/pts/lost+found to system_u:object_r:lost_found_t:s0
15:51:43,098 DEBUG blivet:          NoDevice.setup: tmpfs ; status: False ; controllable: True ; orig: False ;
15:51:43,105 INFO blivet: set SELinux context for newly mounted filesystem root at /dev/shm to system_u:object_r:tmpfs_t:s0
15:51:43,105 INFO blivet: set SELinux context for newly mounted filesystem lost+found directory at /dev/shm/lost+found to system_u:object_r:lost_found_t:s0
15:51:43,107 DEBUG blivet:          NoDevice.setup: proc ; status: False ; controllable: True ; orig: False ;
15:51:43,114 INFO blivet: failed to get default SELinux context for /proc: [Errno 2] No such file or directory
15:51:43,114 INFO blivet: set SELinux context for newly mounted filesystem root at /proc to None
15:51:43,114 INFO blivet: set SELinux context for newly mounted filesystem lost+found directory at /proc/lost+found to system_u:object_r:lost_found_t:s0
15:51:43,153 DEBUG blivet:          DirectoryDevice.setup: /run ; status: True ; controllable: True ; orig: False ;
15:51:43,161 INFO blivet: set SELinux context for newly mounted filesystem root at /run to system_u:object_r:var_run_t:s0
15:51:43,161 INFO blivet: set SELinux context for newly mounted filesystem lost+found directory at /run/lost+found to system_u:object_r:lost_found_t:s0
15:51:43,163 DEBUG blivet:          NoDevice.setup: sysfs ; status: False ; controllable: True ; orig: False ;
15:51:43,170 INFO blivet: set SELinux context for newly mounted filesystem root at /sys to system_u:object_r:sysfs_t:s0
15:51:43,170 INFO blivet: set SELinux context for newly mounted filesystem lost+found directory at /sys/lost+found to system_u:object_r:lost_found_t:s0
15:51:43,172 DEBUG blivet:          NoDevice.setup: selinuxfs ; status: False ; controllable: True ; orig: False ;
15:51:43,179 INFO blivet: failed to set SELinux context for /mnt/sysimage/sys/fs/selinux: [Errno 95] Operation not supported
15:51:43,179 INFO blivet: set SELinux context for newly mounted filesystem root at /sys/fs/selinux to None
15:51:43,179 INFO blivet: set SELinux context for newly mounted filesystem lost+found directory at /sys/fs/selinux/lost+found to system_u:object_r:lost_found_t:s0
15:51:43,181 DEBUG blivet:          DeviceTree.getDevicesByInstance: hidden: False ; incomplete: False ; device_class: <class 'blivet.devices.network.NetworkStorageDevice'> ;
15:51:43,182 DEBUG blivet:          DeviceTree.getDevicesByInstance returned []
15:51:43,184 DEBUG blivet:          DeviceTree.getDevicesByType: hidden: False ; incomplete: False ; device_type: mdarray ;
15:51:43,185 DEBUG blivet:          DeviceTree.getDevicesByType returned []
15:51:43,186 DEBUG blivet:          DeviceTree.getDevicesByType: hidden: False ; incomplete: False ; device_type: mdbiosraidarray ;
15:51:43,187 DEBUG blivet:          DeviceTree.getDevicesByType returned []
15:51:43,188 DEBUG blivet:          DeviceTree.getDevicesByType: hidden: False ; incomplete: False ; device_type: mdcontainer ;
15:51:43,189 DEBUG blivet:          DeviceTree.getDevicesByType returned []
15:51:43,190 DEBUG blivet:         DeviceTree.getDevicesByType: hidden: False ; incomplete: False ; device_type: dm-multipath ;
15:51:43,191 DEBUG blivet:         DeviceTree.getDevicesByType returned []
15:51:43,191 INFO blivet: not writing out mpath configuration
15:51:43,192 DEBUG blivet:        DeviceTree.getDevicesByType: hidden: False ; incomplete: False ; device_type: zfcp ;
15:51:43,193 DEBUG blivet:        DeviceTree.getDevicesByType returned []
