Sep 11 15:53:44 Erased: firewalld-0.4.4.4-6.el7.noarch
Sep 11 15:53:44 Erased: kexec-tools-2.0.14-17.el7.x86_64
Sep 11 15:53:44 Erased: dracut-network-033-502.el7.x86_64
Sep 11 15:53:45 Erased: 12:dhclient-4.2.5-58.el7.centos.x86_64
Sep 11 15:53:45 Erased: python-firewall-0.4.4.4-6.el7.noarch
Sep 11 15:53:45 Erased: python-slip-dbus-0.4.0-2.el7.noarch
Sep 11 15:53:45 Erased: python-slip-0.4.0-2.el7.noarch
Sep 11 15:53:45 Erased: 12:dhcp-common-4.2.5-58.el7.centos.x86_64
Sep 11 15:53:45 Erased: 12:dhcp-libs-4.2.5-58.el7.centos.x86_64
Sep 11 15:53:45 Erased: python-decorator-3.4.0-3.el7.noarch
Sep 11 15:53:45 Erased: firewalld-filesystem-0.4.4.4-6.el7.noarch
Sep 11 15:53:45 Erased: linux-firmware-20170606-56.gitc990aae.el7.noarch
Sep 11 15:53:45 Erased: 32:bind-utils-9.9.4-51.el7.x86_64
Sep 11 15:53:45 Erased: initscripts-9.49.39-1.el7.x86_64
Sep 11 15:53:45 Erased: iproute-3.10.0-87.el7.x86_64
Sep 11 15:53:45 Erased: iptables-1.4.21-18.0.1.el7.centos.x86_64
Sep 11 15:53:45 Erased: libnetfilter_conntrack-1.0.6-1.el7_3.x86_64
Sep 11 15:53:45 Erased: 32:bind-libs-9.9.4-51.el7.x86_64
Sep 11 15:53:45 Erased: 32:bind-libs-lite-9.9.4-51.el7.x86_64
Sep 11 15:53:45 Erased: ipset-6.29-1.el7.x86_64
Sep 11 15:53:45 Erased: ipset-libs-6.29-1.el7.x86_64
Sep 11 15:53:45 Erased: less-458-9.el7.x86_64
Sep 11 15:53:45 Erased: e2fsprogs-1.42.9-10.el7.x86_64
Sep 11 15:53:45 Erased: e2fsprogs-libs-1.42.9-10.el7.x86_64
Sep 11 15:53:45 Erased: groff-base-1.22.2-8.el7.x86_64
Sep 11 15:53:45 Erased: libmnl-1.0.3-7.el7.x86_64
Sep 11 15:53:46 Erased: GeoIP-1.5.0-11.el7.x86_64
Sep 11 15:53:46 Erased: libnfnetlink-1.0.1-4.el7.x86_64
Sep 11 15:53:46 Erased: sysvinit-tools-2.88-14.dsf.el7.x86_64
Sep 11 15:53:46 Erased: libselinux-python-2.5-11.el7.x86_64
Sep 11 15:53:46 Erased: 2:ethtool-4.8-1.el7.x86_64
Sep 11 15:53:46 Erased: lzo-2.06-8.el7.x86_64
Sep 11 15:53:46 Erased: snappy-1.1.0-3.el7.x86_64
Sep 11 15:53:46 Erased: ebtables-2.0.10-15.el7.x86_64
Sep 11 15:53:46 Erased: grubby-8.28-23.el7.x86_64
Nov 05 17:03:55 Installed: centos-release-scl-rh-2-2.el7.centos.noarch
Nov 05 17:03:55 Installed: centos-release-scl-2-2.el7.centos.noarch
Nov 05 17:03:55 Installed: epel-release-7-9.noarch
Nov 05 17:04:35 Updated: nss-3.28.4-15.el7_4.x86_64
Nov 05 17:04:35 Updated: nss-sysinit-3.28.4-15.el7_4.x86_64
Nov 05 17:04:35 Updated: kmod-20-15.el7_4.4.x86_64
Nov 05 17:04:35 Updated: systemd-libs-219-42.el7_4.4.x86_64
Nov 05 17:04:35 Updated: kmod-libs-20-15.el7_4.4.x86_64
Nov 05 17:04:36 Updated: systemd-219-42.el7_4.4.x86_64
Nov 05 17:04:36 Updated: nss-tools-3.28.4-15.el7_4.x86_64
Nov 05 09:04:37 Updated: tzdata-2017c-1.el7.noarch
Nov 05 09:04:37 Updated: epel-release-7-11.noarch
Nov 05 09:04:45 Installed: wget-1.14-15.el7_4.1.x86_64
Nov 05 09:23:03 Installed: apr-1.4.8-3.el7.x86_64
Nov 05 09:23:03 Installed: apr-util-1.5.2-6.el7.x86_64
Nov 05 09:23:03 Installed: 1:mariadb-libs-5.5.56-2.el7.x86_64
Nov 05 09:23:03 Installed: fipscheck-1.4.1-6.el7.x86_64
Nov 05 09:23:03 Installed: fipscheck-lib-1.4.1-6.el7.x86_64
Nov 05 09:23:03 Installed: libxslt-1.1.28-5.el7.x86_64
Nov 05 09:23:03 Installed: freetype-2.4.11-15.el7.x86_64
Nov 05 09:23:03 Installed: 1:net-snmp-libs-5.7.2-28.el7.x86_64
Nov 05 09:23:03 Installed: systemd-sysv-219-42.el7_4.4.x86_64
Nov 05 09:23:03 Installed: libedit-3.0-12.20121213cvs.el7.x86_64
Nov 05 09:23:04 Installed: libevent-2.0.21-4.el7.x86_64
Nov 05 09:23:04 Installed: tcp_wrappers-libs-7.6-77.el7.x86_64
Nov 05 09:23:04 Installed: libjpeg-turbo-1.2.90-5.el7.x86_64
Nov 05 09:23:05 Installed: libicu-50.1.2-15.el7.x86_64
Nov 05 09:23:05 Installed: libselinux-utils-2.5-11.el7.x86_64
Nov 05 09:23:05 Installed: policycoreutils-2.5-17.1.el7.x86_64
Nov 05 09:23:05 Installed: 2:libpng-1.5.13-7.el7_2.x86_64
Nov 05 09:23:05 Installed: openssh-7.4p1-13.el7_4.x86_64
Nov 05 09:23:05 Installed: lm_sensors-libs-3.4.0-4.20160601gitf9185e5.el7.x86_64
Nov 05 09:23:05 Installed: libobjc-4.8.5-16.el7.x86_64
Nov 05 09:23:05 Installed: centos-logos-70.0.6-3.el7.centos.noarch
Nov 05 09:23:05 Installed: libmcrypt-2.5.8-13.el7.x86_64
Nov 05 09:23:06 Installed: postgresql-libs-9.2.23-1.el7_4.x86_64
Nov 05 09:23:06 Installed: GeoIP-1.5.0-11.el7.x86_64
Nov 05 09:23:06 Installed: fontpackages-filesystem-1.44-8.el7.noarch
Nov 05 09:23:06 Installed: libmnl-1.0.3-7.el7.x86_64
Nov 05 09:23:06 Installed: libnfnetlink-1.0.1-4.el7.x86_64
Nov 05 09:23:06 Installed: mailcap-2.1.41-2.el7.noarch
Nov 05 09:23:06 Installed: scl-utils-20130529-18.el7_4.x86_64
Nov 05 09:23:06 Installed: libnetfilter_conntrack-1.0.6-1.el7_3.x86_64
Nov 05 09:23:06 Installed: iptables-1.4.21-18.2.el7_4.x86_64
Nov 05 09:23:06 Installed: iproute-3.10.0-87.el7.x86_64
Nov 05 09:23:06 Installed: lyx-fonts-2.2.3-1.el7.noarch
Nov 05 09:23:07 Installed: fontconfig-2.10.95-11.el7.x86_64
Nov 05 09:23:07 Installed: libmemcached-1.0.16-5.el7.x86_64
Nov 05 09:23:07 Installed: httpd-tools-2.4.6-67.el7.centos.6.x86_64
Nov 05 09:23:08 Installed: httpd-2.4.6-67.el7.centos.6.x86_64
Nov 05 09:23:08 Installed: hunspell-1.3.2-15.el7.x86_64
Nov 05 09:23:08 Installed: hunspell-en-US-0.20121024-6.el7.noarch
Nov 05 09:23:08 Installed: 1:enchant-1.6.0-8.el7.x86_64
Nov 05 09:23:08 Installed: 1:nginx-filesystem-1.10.2-2.el7.noarch
Nov 05 09:23:08 Installed: setools-libs-3.3.8-1.1.el7.x86_64
Nov 05 09:23:08 Installed: zip-3.0-11.el7.x86_64
Nov 05 09:23:08 Installed: jemalloc-3.6.0-1.el7.x86_64
Nov 05 09:23:08 Installed: xml-common-0.6.3-39.el7.noarch
Nov 05 09:23:08 Installed: iso-codes-3.46-2.el7.noarch
Nov 05 09:23:09 Installed: m4-1.4.16-10.el7.x86_64
Nov 05 09:23:09 Installed: libselinux-python-2.5-11.el7.x86_64
Nov 05 09:23:09 Installed: logrotate-3.8.6-14.el7.x86_64
Nov 05 09:23:09 Installed: libwebp-0.3.0-7.el7.x86_64
Nov 05 09:23:09 Installed: python-IPy-0.75-6.el7.noarch
Nov 05 09:23:09 Installed: audit-libs-python-2.7.6-3.el7.x86_64
Nov 05 09:23:09 Installed: avahi-libs-0.6.31-17.el7.x86_64
Nov 05 09:23:09 Installed: pakchois-0.4-10.el7.x86_64
Nov 05 09:23:09 Installed: dwz-0.11-3.el7.x86_64
Nov 05 09:23:09 Installed: libX11-common-1.6.5-1.el7.noarch
Nov 05 09:23:09 Installed: libc-client-2007f-16.el7.x86_64
Nov 05 09:23:09 Installed: gpm-libs-1.20.7-5.el7.x86_64
Nov 05 09:23:09 Installed: libaio-0.3.109-13.el7.x86_64
Nov 05 09:23:09 Installed: 14:libpcap-1.5.3-9.el7.x86_64
Nov 05 09:23:09 Installed: recode-3.6-38.el7.x86_64
Nov 05 09:23:09 Installed: trousers-0.3.14-2.el7.x86_64
Nov 05 09:23:09 Installed: which-2.20-7.el7.x86_64
Nov 05 09:23:09 Installed: libzip-0.10.1-8.el7.x86_64
Nov 05 09:23:10 Installed: php-common-5.4.16-42.el7.x86_64
Nov 05 09:23:10 Installed: php-pdo-5.4.16-42.el7.x86_64
Nov 05 09:23:10 Installed: php-cli-5.4.16-42.el7.x86_64
Nov 05 09:23:10 Installed: php-xml-5.4.16-42.el7.x86_64
Nov 05 09:23:10 Installed: php-process-5.4.16-42.el7.x86_64
Nov 05 09:23:10 Installed: 1:php-pear-1.9.4-21.el7.noarch
Nov 05 09:23:10 Installed: php-pecl-igbinary-1.2.1-1.el7.x86_64
Nov 05 09:23:10 Installed: php-pecl-msgpack-0.5.5-5.el7.x86_64
Nov 05 09:23:10 Installed: 2:libunwind-1.2-2.el7.x86_64
Nov 05 09:23:10 Installed: gperftools-libs-2.4-8.el7.x86_64
Nov 05 09:23:10 Installed: libmodman-2.0.1-8.el7.x86_64
Nov 05 09:23:11 Installed: libproxy-0.4.11-10.el7.x86_64
Nov 05 09:23:11 Installed: 2:vim-filesystem-7.4.160-2.el7.x86_64
Nov 05 09:23:11 Installed: 2:vim-common-7.4.160-2.el7.x86_64
Nov 05 09:23:11 Installed: tokyocabinet-1.4.48-3.el7.x86_64
Nov 05 09:23:12 Installed: checkpolicy-2.5-4.el7.x86_64
Nov 05 09:23:12 Installed: libXau-1.0.8-2.1.el7.x86_64
Nov 05 09:23:12 Installed: libxcb-1.12-1.el7.x86_64
Nov 05 09:23:12 Installed: libX11-1.6.5-1.el7.x86_64
Nov 05 09:23:12 Installed: libXpm-3.5.12-1.el7.x86_64
Nov 05 09:23:12 Installed: gd-2.0.35-26.el7.x86_64
Nov 05 09:23:12 Installed: t1lib-5.1.2-14.el7.x86_64
Nov 05 09:23:12 Installed: pcre-devel-8.32-17.el7.x86_64
Nov 05 09:23:12 Installed: 1:make-3.82-23.el7.x86_64
Nov 05 09:23:12 Installed: 1:openssl-1.0.2k-8.el7.x86_64
Nov 05 09:23:12 Installed: perl-srpm-macros-1-8.el7.noarch
Nov 05 09:23:12 Installed: libsemanage-python-2.5-8.el7.x86_64
Nov 05 09:23:12 Installed: 12:aspell-0.60.6.1-9.el7.x86_64
Nov 05 09:23:12 Installed: libcgroup-0.41-13.el7.x86_64
Nov 05 09:23:13 Installed: policycoreutils-python-2.5-17.1.el7.x86_64
Nov 05 09:23:13 Installed: rh-php70-runtime-2.3-1.el7.x86_64
Nov 05 09:23:13 Installed: rh-php70-php-zip-7.0.10-2.el7.x86_64
Nov 05 09:23:13 Installed: rh-php70-php-json-7.0.10-2.el7.x86_64
Nov 05 09:23:13 Installed: rh-php70-php-common-7.0.10-2.el7.x86_64
Nov 05 09:23:14 Installed: rh-php70-php-cli-7.0.10-2.el7.x86_64
Nov 05 09:23:14 Installed: rh-php70-php-pdo-7.0.10-2.el7.x86_64
Nov 05 09:23:14 Installed: rh-php70-php-xml-7.0.10-2.el7.x86_64
Nov 05 09:23:14 Installed: httpd24-runtime-1.1-14.el7.x86_64
Nov 05 09:23:14 Installed: httpd24-libnghttp2-1.7.1-1.el7.x86_64
Nov 05 09:23:14 Installed: rh-php70-php-process-7.0.10-2.el7.x86_64
Nov 05 09:23:14 Installed: 1:rh-php70-php-pear-1.10.1-3.el7.noarch
Nov 05 09:23:14 Installed: sclo-php70-php-pecl-igbinary-2.0.4-1.el7.x86_64
Nov 05 09:23:14 Installed: httpd24-httpd-tools-2.4.25-9.el7.x86_64
Nov 05 09:23:15 Installed: httpd24-httpd-2.4.25-9.el7.x86_64
Nov 05 09:23:15 Installed: libtool-ltdl-2.4.2-22.el7_3.x86_64
Nov 05 09:23:15 Installed: unixODBC-2.3.1-11.el7.x86_64
Nov 05 09:23:15 Installed: groff-base-1.22.2-8.el7.x86_64
Nov 05 09:23:15 Installed: 1:perl-parent-0.225-244.el7.noarch
Nov 05 09:23:15 Installed: perl-HTTP-Tiny-0.033-3.el7.noarch
Nov 05 09:23:15 Installed: perl-podlators-2.5.1-3.el7.noarch
Nov 05 09:23:15 Installed: perl-Pod-Perldoc-3.20-4.el7.noarch
Nov 05 09:23:15 Installed: 1:perl-Pod-Escapes-1.04-292.el7.noarch
Nov 05 09:23:15 Installed: perl-Text-ParseWords-3.29-4.el7.noarch
Nov 05 09:23:15 Installed: perl-Encode-2.51-7.el7.x86_64
Nov 05 09:23:15 Installed: perl-Pod-Usage-1.63-3.el7.noarch
Nov 05 09:23:15 Installed: 4:perl-libs-5.16.3-292.el7.x86_64
Nov 05 09:23:15 Installed: 4:perl-macros-5.16.3-292.el7.x86_64
Nov 05 09:23:15 Installed: perl-Socket-2.010-4.el7.x86_64
Nov 05 09:23:15 Installed: perl-Storable-2.45-3.el7.x86_64
Nov 05 09:23:15 Installed: 4:perl-Time-HiRes-1.9725-3.el7.x86_64
Nov 05 09:23:15 Installed: perl-threads-1.87-4.el7.x86_64
Nov 05 09:23:15 Installed: perl-constant-1.27-2.el7.noarch
Nov 05 09:23:15 Installed: perl-Carp-1.26-244.el7.noarch
Nov 05 09:23:15 Installed: perl-Filter-1.49-3.el7.x86_64
Nov 05 09:23:15 Installed: perl-Exporter-5.68-3.el7.noarch
Nov 05 09:23:15 Installed: perl-Time-Local-1.2300-2.el7.noarch
Nov 05 09:23:15 Installed: perl-threads-shared-1.43-6.el7.x86_64
Nov 05 09:23:15 Installed: perl-File-Path-2.09-2.el7.noarch
Nov 05 09:23:16 Installed: perl-File-Temp-0.23.01-3.el7.noarch
Nov 05 09:23:16 Installed: perl-PathTools-3.40-5.el7.x86_64
Nov 05 09:23:16 Installed: perl-Scalar-List-Utils-1.27-248.el7.x86_64
Nov 05 09:23:16 Installed: 1:perl-Pod-Simple-3.28-4.el7.noarch
Nov 05 09:23:16 Installed: perl-Getopt-Long-2.40-2.el7.noarch
Nov 05 09:23:17 Installed: 4:perl-5.16.3-292.el7.x86_64
Nov 05 09:23:17 Installed: perl-Data-Dumper-2.145-3.el7.x86_64
Nov 05 09:23:17 Installed: autoconf-2.69-11.el7.noarch
Nov 05 09:23:17 Installed: redhat-rpm-config-9.1.0-76.el7.centos.noarch
Nov 05 09:23:17 Installed: scl-utils-build-20130529-18.el7_4.x86_64
Nov 05 09:23:17 Installed: 1:net-snmp-agent-libs-5.7.2-28.el7.x86_64
Nov 05 09:23:17 Installed: perl-Test-Harness-3.28-3.el7.noarch
Nov 05 09:23:17 Installed: perl-Thread-Queue-3.02-2.el7.noarch
Nov 05 09:23:17 Installed: automake-1.13.4-3.el7.noarch
Nov 05 09:23:17 Installed: perl-Compress-Raw-Bzip2-2.061-3.el7.x86_64
Nov 05 09:23:17 Installed: 1:perl-Compress-Raw-Zlib-2.061-4.el7.x86_64
Nov 05 09:23:17 Installed: perl-IO-Compress-2.061-2.el7.noarch
Nov 05 09:23:17 Installed: perl-Net-Daemon-0.48-5.el7.noarch
Nov 05 09:23:17 Installed: perl-PlRPC-0.2020-14.el7.noarch
Nov 05 09:23:17 Installed: perl-DBI-1.627-4.el7.x86_64
Nov 05 09:23:17 Installed: perl-DBD-MySQL-4.023-5.el7.x86_64
Nov 05 09:23:19 Installed: 1:mariadb-5.5.56-2.el7.x86_64
Nov 05 09:23:19 Installed: 1:nginx-mod-http-xslt-filter-1.10.2-2.el7.x86_64
Nov 05 09:23:19 Installed: 1:nginx-mod-http-image-filter-1.10.2-2.el7.x86_64
Nov 05 09:23:19 Installed: 1:nginx-mod-mail-1.10.2-2.el7.x86_64
Nov 05 09:23:19 Installed: 1:nginx-mod-http-geoip-1.10.2-2.el7.x86_64
Nov 05 09:23:19 Installed: 1:nginx-mod-stream-1.10.2-2.el7.x86_64
Nov 05 09:23:19 Installed: 1:nginx-1.10.2-2.el7.x86_64
Nov 05 09:23:19 Installed: 1:nginx-mod-http-perl-1.10.2-2.el7.x86_64
Nov 05 09:23:19 Installed: 1:nginx-all-modules-1.10.2-2.el7.noarch
Nov 05 09:23:19 Installed: nettle-2.7.1-8.el7.x86_64
Nov 05 09:23:20 Installed: gnutls-3.3.26-9.el7.x86_64
Nov 05 09:23:20 Installed: neon-0.30.0-3.el7.x86_64
Nov 05 09:23:20 Installed: subversion-libs-1.7.14-11.el7_4.x86_64
Nov 05 09:23:21 Installed: gnustep-base-libs-1.24.9-1.el7.x86_64
Nov 05 09:23:21 Installed: sysvinit-tools-2.88-14.dsf.el7.x86_64
Nov 05 09:23:21 Installed: initscripts-9.49.39-1.el7.x86_64
Nov 05 09:23:21 Installed: 1:net-snmp-5.7.2-28.el7.x86_64
Nov 05 09:23:21 Installed: rh-php70-php-snmp-7.0.10-2.el7.x86_64
Nov 05 09:23:21 Installed: php-snmp-5.4.16-42.el7.x86_64
Nov 05 09:23:22 Installed: unar-1.10.1-1.el7.x86_64
Nov 05 09:23:22 Installed: subversion-1.7.14-11.el7_4.x86_64
Nov 05 09:23:23 Installed: 1:mariadb-server-5.5.56-2.el7.x86_64
Nov 05 09:23:24 Installed: rh-php70-php-devel-7.0.10-2.el7.x86_64
Nov 05 09:23:24 Installed: rh-php70-build-2.3-1.el7.x86_64
Nov 05 09:23:24 Installed: 2:vim-enhanced-7.4.160-2.el7.x86_64
Nov 05 09:23:24 Installed: php-odbc-5.4.16-42.el7.x86_64
Nov 05 09:23:24 Installed: rh-php70-php-odbc-7.0.10-2.el7.x86_64
Nov 05 09:23:24 Installed: rh-php70-php-7.0.10-2.el7.x86_64
Nov 05 09:23:24 Installed: sclo-php70-php-pecl-redis-3.1.2-1.el7.x86_64
Nov 05 09:23:24 Installed: rh-php70-2.3-1.el7.x86_64
Nov 05 09:23:24 Installed: rh-php70-php-xmlrpc-7.0.10-2.el7.x86_64
Nov 05 09:23:24 Installed: rh-php70-php-mysqlnd-7.0.10-2.el7.x86_64
Nov 05 09:23:24 Installed: rh-php70-php-pgsql-7.0.10-2.el7.x86_64
Nov 05 09:23:24 Installed: rh-php70-php-soap-7.0.10-2.el7.x86_64
Nov 05 09:23:24 Installed: rh-php70-php-ldap-7.0.10-2.el7.x86_64
Nov 05 09:23:24 Installed: rh-php70-php-bcmath-7.0.10-2.el7.x86_64
Nov 05 09:23:24 Installed: rh-php70-php-mbstring-7.0.10-2.el7.x86_64
Nov 05 09:23:24 Installed: sclo-php70-php-mcrypt-7.0.16-1.el7.x86_64
Nov 05 09:23:24 Installed: rh-php70-php-fpm-7.0.10-2.el7.x86_64
Nov 05 09:23:24 Installed: rh-php70-php-recode-7.0.10-2.el7.x86_64
Nov 05 09:23:24 Installed: rh-php70-php-intl-7.0.10-2.el7.x86_64
Nov 05 09:23:25 Installed: rh-php70-php-pspell-7.0.10-2.el7.x86_64
Nov 05 09:23:25 Installed: rh-php70-php-opcache-7.0.10-2.el7.x86_64
Nov 05 09:23:25 Installed: rh-php70-php-enchant-7.0.10-2.el7.x86_64
Nov 05 09:23:25 Installed: rh-php70-php-dba-7.0.10-2.el7.x86_64
Nov 05 09:23:25 Installed: rh-php70-php-gd-7.0.10-2.el7.x86_64
Nov 05 09:23:25 Installed: rh-php70-php-gmp-7.0.10-2.el7.x86_64
Nov 05 09:23:25 Installed: rh-php70-php-embedded-7.0.10-2.el7.x86_64
Nov 05 09:23:25 Installed: rh-php70-php-dbg-7.0.10-2.el7.x86_64
Nov 05 09:23:25 Installed: rh-php70-scldevel-2.3-1.el7.x86_64
Nov 05 09:23:25 Installed: 1:mod_ssl-2.4.6-67.el7.centos.6.x86_64
Nov 05 09:23:25 Installed: php-gd-5.4.16-42.el7.x86_64
Nov 05 09:23:25 Installed: php-pecl-memcached-2.2.0-1.el7.x86_64
Nov 05 09:23:27 Installed: php-pecl-redis-2.2.8-1.el7.x86_64
Nov 05 09:23:27 Installed: php-pecl-geoip-1.0.8-5.el7.x86_64
Nov 05 09:23:27 Installed: php-5.4.16-42.el7.x86_64
Nov 05 09:23:27 Installed: php-mysql-5.4.16-42.el7.x86_64
Nov 05 09:23:27 Installed: php-pgsql-5.4.16-42.el7.x86_64
Nov 05 09:23:27 Installed: php-mbstring-5.4.16-42.el7.x86_64
Nov 05 09:23:27 Installed: php-mcrypt-5.4.16-7.el7.x86_64
Nov 05 09:23:27 Installed: php-fpm-5.4.16-42.el7.x86_64
Nov 05 09:23:27 Installed: php-imap-5.4.16-7.el7.x86_64
Nov 05 09:23:27 Installed: php-xmlrpc-5.4.16-42.el7.x86_64
Nov 05 09:23:27 Installed: iftop-1.0-0.14.pre4.el7.x86_64
Nov 05 09:23:28 Installed: redis-3.2.10-2.el7.x86_64
Nov 05 09:23:28 Installed: openssh-server-7.4p1-13.el7_4.x86_64
Nov 05 09:23:28 Installed: openssh-clients-7.4p1-13.el7_4.x86_64
Nov 05 09:23:28 Installed: tmux-1.8-4.el7.x86_64
Nov 05 09:23:28 Installed: htop-2.0.2-1.el7.x86_64
Nov 05 09:23:28 Installed: bzip2-1.0.6-13.el7.x86_64
Nov 05 09:23:28 Installed: unzip-6.0-16.el7.x86_64
Nov 05 09:23:28 Installed: rsync-3.0.9-18.el7.x86_64
Nov 05 09:23:28 Installed: 1:telnet-0.17-64.el7.x86_64
Nov 05 09:23:28 Installed: zlib-devel-1.2.7-17.el7.x86_64
